Compiling the Fortran compiler identification source file "CMakeFortranCompilerId.F" failed.
Compiler: /usr/bin/mpif90 
Build flags: 
Id flags: -v 

The output was:
1
--------------------------------------------------------------------------
The Open MPI wrapper compiler was unable to find the specified compiler
gfortran in your PATH.

Note that this compiler was either specified at configure time or in
one of several possible environment variables.
--------------------------------------------------------------------------


Compiling the Fortran compiler identification source file "CMakeFortranCompilerId.F" failed.
Compiler: /usr/bin/mpif90 
Build flags: 
Id flags:  

The output was:
1
--------------------------------------------------------------------------
The Open MPI wrapper compiler was unable to find the specified compiler
gfortran in your PATH.

Note that this compiler was either specified at configure time or in
one of several possible environment variables.
--------------------------------------------------------------------------


Compiling the Fortran compiler identification source file "CMakeFortranCompilerId.F" failed.
Compiler: /usr/bin/mpif90 
Build flags: 
Id flags: -c 

The output was:
1
--------------------------------------------------------------------------
The Open MPI wrapper compiler was unable to find the specified compiler
gfortran in your PATH.

Note that this compiler was either specified at configure time or in
one of several possible environment variables.
--------------------------------------------------------------------------


Compiling the Fortran compiler identification source file "CMakeFortranCompilerId.F" failed.
Compiler: /usr/bin/mpif90 
Build flags: 
Id flags: -fpp 

The output was:
1
--------------------------------------------------------------------------
The Open MPI wrapper compiler was unable to find the specified compiler
gfortran in your PATH.

Note that this compiler was either specified at configure time or in
one of several possible environment variables.
--------------------------------------------------------------------------


Compiling the Fortran compiler identification source file "CMakeFortranCompilerId.F" failed.
Compiler: /usr/bin/mpif90 
Build flags: 
Id flags: -v 

The output was:
1
--------------------------------------------------------------------------
The Open MPI wrapper compiler was unable to find the specified compiler
gfortran in your PATH.

Note that this compiler was either specified at configure time or in
one of several possible environment variables.
--------------------------------------------------------------------------


Compiling the Fortran compiler identification source file "CMakeFortranCompilerId.F" failed.
Compiler: /usr/bin/mpif90 
Build flags: 
Id flags:  

The output was:
1
--------------------------------------------------------------------------
The Open MPI wrapper compiler was unable to find the specified compiler
gfortran in your PATH.

Note that this compiler was either specified at configure time or in
one of several possible environment variables.
--------------------------------------------------------------------------


Compiling the Fortran compiler identification source file "CMakeFortranCompilerId.F" failed.
Compiler: /usr/bin/mpif90 
Build flags: 
Id flags: -c 

The output was:
1
--------------------------------------------------------------------------
The Open MPI wrapper compiler was unable to find the specified compiler
gfortran in your PATH.

Note that this compiler was either specified at configure time or in
one of several possible environment variables.
--------------------------------------------------------------------------


Compiling the Fortran compiler identification source file "CMakeFortranCompilerId.F" failed.
Compiler: /usr/bin/mpif90 
Build flags: 
Id flags: -fpp 

The output was:
1
--------------------------------------------------------------------------
The Open MPI wrapper compiler was unable to find the specified compiler
gfortran in your PATH.

Note that this compiler was either specified at configure time or in
one of several possible environment variables.
--------------------------------------------------------------------------


Checking whether the Fortran compiler is Compaq using "-what" did not match "Compaq Visual Fortran":
--------------------------------------------------------------------------
The Open MPI wrapper compiler was unable to find the specified compiler
gfortran in your PATH.

Note that this compiler was either specified at configure time or in
one of several possible environment variables.
--------------------------------------------------------------------------
Checking whether the Fortran compiler is NAG using "-V" did not match "NAG Fortran Compiler":
--------------------------------------------------------------------------
The Open MPI wrapper compiler was unable to find the specified compiler
gfortran in your PATH.

Note that this compiler was either specified at configure time or in
one of several possible environment variables.
--------------------------------------------------------------------------
Checking whether the Fortran compiler is Compaq using "-what" did not match "Compaq Visual Fortran":
--------------------------------------------------------------------------
The Open MPI wrapper compiler was unable to find the specified compiler
gfortran in your PATH.

Note that this compiler was either specified at configure time or in
one of several possible environment variables.
--------------------------------------------------------------------------
Checking whether the Fortran compiler is NAG using "-V" did not match "NAG Fortran Compiler":
--------------------------------------------------------------------------
The Open MPI wrapper compiler was unable to find the specified compiler
gfortran in your PATH.

Note that this compiler was either specified at configure time or in
one of several possible environment variables.
--------------------------------------------------------------------------
Determining if the Fortran compiler works failed with the following output:
Change Dir: /home/rebeccarothe/TMA4280/poisson/build/CMakeFiles/CMakeTmp

Run Build Command:"/usr/bin/make" "cmTC_db685/fast"
/usr/bin/make -f CMakeFiles/cmTC_db685.dir/build.make CMakeFiles/cmTC_db685.dir/build
make[1]: Entering directory '/home/rebeccarothe/TMA4280/poisson/build/CMakeFiles/CMakeTmp'
Building Fortran object CMakeFiles/cmTC_db685.dir/testFortranCompiler.f.o
/usr/bin/mpif90    -c /home/rebeccarothe/TMA4280/poisson/build/CMakeFiles/CMakeTmp/testFortranCompiler.f -o CMakeFiles/cmTC_db685.dir/testFortranCompiler.f.o
--------------------------------------------------------------------------
The Open MPI wrapper compiler was unable to find the specified compiler
gfortran in your PATH.

Note that this compiler was either specified at configure time or in
one of several possible environment variables.
--------------------------------------------------------------------------
CMakeFiles/cmTC_db685.dir/build.make:65: recipe for target 'CMakeFiles/cmTC_db685.dir/testFortranCompiler.f.o' failed
make[1]: *** [CMakeFiles/cmTC_db685.dir/testFortranCompiler.f.o] Error 1
make[1]: Leaving directory '/home/rebeccarothe/TMA4280/poisson/build/CMakeFiles/CMakeTmp'
Makefile:126: recipe for target 'cmTC_db685/fast' failed
make: *** [cmTC_db685/fast] Error 2


